\BOOKMARK [1][-]{section.1}{}{}% 1
\BOOKMARK [2][-]{subsection.1.1}{Resultados de execu\347\343o dos comandos exemplo}{section.1}% 2
\BOOKMARK [3][-]{subsubsection.1.1.1}{}{subsection.1.1}% 3
\BOOKMARK [3][-]{subsubsection.1.1.2}{}{subsection.1.1}% 4
\BOOKMARK [3][-]{subsubsection.1.1.3}{}{subsection.1.1}% 5
\BOOKMARK [3][-]{subsubsection.1.1.4}{}{subsection.1.1}% 6
\BOOKMARK [2][-]{subsection.1.2}{Resolu\347\343o do exerc\355cio opcional}{section.1}% 7
\BOOKMARK [1][-]{section.2}{}{}% 8
\BOOKMARK [2][-]{subsection.2.1}{}{section.2}% 9
\BOOKMARK [1][-]{section.3}{Conclus\343o}{}% 10
\BOOKMARK [1][-]{section.1}{Uma an\341lise \340 pol\355tica de escalonamento de zonas paralelas em OpenMP recorrendo \340 ferramenta Dtrace}{}% 11
\BOOKMARK [2][-]{subsection.1.1}{Contextualiza\347\343o}{section.1}% 12
\BOOKMARK [2][-]{subsection.1.2}{Uma primeira an\341lise ao caso de estudo}{section.1}% 13
\BOOKMARK [2][-]{subsection.1.3}{Rela\347\343o entre o tipo de escalonamento OpenMP, n\372mero de Threads OpenMP, e tempo total para a solu\347\343o, para uma gama de valores aleat\363rios do ciclo mais interior inalterada \([1:99]\).}{section.1}% 14
\BOOKMARK [3][-]{subsubsection.1.3.1}{An\341lise gr\341fica para o "best-case-scenario"e "worst-case-scenario"dos tempos totais obtidos no estudo da sec\347\343o A.3}{subsection.1.3}% 15
\BOOKMARK [3][-]{subsubsection.1.3.2}{An\341lise do output da ferramenta Dtrace para o "best-case-scenario"dos tempos totais obtidos no estudo da sec\347\343o A.3}{subsection.1.3}% 16
\BOOKMARK [3][-]{subsubsection.1.3.3}{An\341lise do output da ferramenta Dtrace para o "worst-case-scenario"dos tempos totais obtidos no estudo da sec\347\343o A.3}{subsection.1.3}% 17
\BOOKMARK [3][-]{subsubsection.1.3.4}{An\341lise gr\341fica para o "best-case-scenario"dos tempos totais obtidos no estudo da sec\347\343o A.3}{subsection.1.3}% 18
\BOOKMARK [3][-]{subsubsection.1.3.5}{An\341lise gr\341fica para o "worst-case-scenario"dos tempos totais obtidos no estudo da sec\347\343o A.3}{subsection.1.3}% 19
\BOOKMARK [3][-]{subsubsection.1.3.6}{An\341lise gr\341fica para o "best-case-scenario"dos tempos totais obtidos no estudo da sec\347\343o A.3.5}{subsection.1.3}% 20
\BOOKMARK [3][-]{subsubsection.1.3.7}{An\341lise gr\341fica para o "worst-case-scenario"dos tempos totais obtidos no estudo da sec\347\343o A.3.5}{subsection.1.3}% 21
\BOOKMARK [2][-]{subsection.1.4}{Conclus\343o do Trabalho Extra}{section.1}% 22
